<?xml version="1.0" encoding="UTF-8"?>
<!-- Generated by org.testng.reporters.JUnitXMLReporter -->
<testsuite ignored="3" hostname="LAPTOP-L1B8RAQT" failures="0" tests="1" name="Default test" time="5.51" errors="0" timestamp="2024-06-09T23:59:32 IST">
  <testcase classname="test.TestCase_SignUp" name="testCase001" time="2.316"/>
  <testcase classname="test.TestCase_SignUp" name="testCase003" time="0.0">
    <ignored/>
  </testcase> <!-- testCase003 -->
  <testcase classname="test.TestCase_SignUp" name="testCase004" time="0.0">
    <ignored/>
  </testcase> <!-- testCase004 -->
  <testcase classname="test.TestCase_SignUp" name="testCase002" time="0.0">
    <ignored/>
  </testcase> <!-- testCase002 -->
</testsuite> <!-- Default test -->
