<?xml version="1.0" encoding="UTF-8"?>
<testng-results ignored="3" total="4" passed="1" failed="0" skipped="0">
  <reporter-output>
  </reporter-output>
  <suite started-at="2024-06-09T23:59:26 IST" name="Default suite" finished-at="2024-06-09T23:59:31 IST" duration-ms="5510">
    <groups>
    </groups>
    <test started-at="2024-06-09T23:59:26 IST" name="Default test" finished-at="2024-06-09T23:59:31 IST" duration-ms="5510">
      <class name="test.TestCase_SignUp">
        <test-method is-config="true" signature="reportInit()[pri:0, instance:test.TestCase_SignUp@5ab956d7]" started-at="2024-06-09T23:59:26 IST" name="reportInit" finished-at="2024-06-09T23:59:26 IST" duration-ms="175" status="PASS">
          <reporter-output>
          </reporter-output>
        </test-method> <!-- reportInit -->
        <test-method is-config="true" signature="Openurl(java.lang.reflect.Method)[pri:0, instance:test.TestCase_SignUp@5ab956d7]" started-at="2024-06-09T23:59:26 IST" name="Openurl" finished-at="2024-06-09T23:59:29 IST" duration-ms="2612" status="PASS">
          <params>
            <param index="0">
              <value>
                <![CDATA[public void test.TestCase_SignUp.testCase001()]]>
              </value>
            </param>
          </params>
          <reporter-output>
          </reporter-output>
        </test-method> <!-- Openurl -->
        <test-method signature="testCase001()[pri:0, instance:test.TestCase_SignUp@5ab956d7]" started-at="2024-06-09T23:59:29 IST" name="testCase001" finished-at="2024-06-09T23:59:31 IST" duration-ms="2316" status="PASS">
          <reporter-output>
          </reporter-output>
        </test-method> <!-- testCase001 -->
        <test-method is-config="true" signature="closeBrowser()[pri:0, instance:test.TestCase_SignUp@5ab956d7]" started-at="2024-06-09T23:59:31 IST" name="closeBrowser" finished-at="2024-06-09T23:59:31 IST" duration-ms="373" status="PASS">
          <reporter-output>
          </reporter-output>
        </test-method> <!-- closeBrowser -->
      </class> <!-- test.TestCase_SignUp -->
    </test> <!-- Default test -->
  </suite> <!-- Default suite -->
</testng-results>
