<?xml version="1.0" encoding="UTF-8"?>
<!-- Generated by org.testng.reporters.JUnitXMLReporter -->
<testsuite ignored="0" hostname="LAPTOP-L1B8RAQT" failures="0" tests="8" name="Test" time="26.6" errors="0" timestamp="2024-06-04T01:49:44 IST">
  <testcase classname="test.TestCase_SignUp" name="testCase001" time="0.636"/>
  <testcase classname="test.TestCase_SignUp" name="testCase002" time="0.638"/>
  <testcase classname="test.TestCase_SignUp" name="testCase003" time="0.432"/>
  <testcase classname="test.TestCase_SignUp" name="testCase004" time="0.775"/>
  <testcase classname="test.TestCase_Login" name="testCase001" time="1.059"/>
  <testcase classname="test.TestCase_Login" name="testCase002" time="1.357"/>
  <testcase classname="test.TestCase_Login" name="testCase003" time="0.405"/>
  <testcase classname="test.TestCase_Login" name="testCase004" time="1.403"/>
</testsuite> <!-- Test -->
